This is pdfTeX, Version 3.14159265-2.6-1.40.21 (TeX Live 2020) (preloaded format=pdflatex 2020.6.2)  4 JUN 2020 14:52
entering extended mode
 restricted \write18 enabled.
 %&-line parsing enabled.
**main_file.tex
(./main_file.tex
LaTeX2e <2020-02-02> patch level 5
L3 programming layer <2020-03-06>
(/usr/local/texlive/2020/texmf-dist/tex/latex/base/article.cls
Document Class: article 2019/12/20 v1.4l Standard LaTeX document class
(/usr/local/texlive/2020/texmf-dist/tex/latex/base/size10.clo
File: size10.clo 2019/12/20 v1.4l Standard LaTeX file (size option)
)
\c@part=\count167
\c@section=\count168
\c@subsection=\count169
\c@subsubsection=\count170
\c@paragraph=\count171
\c@subparagraph=\count172
\c@figure=\count173
\c@table=\count174
\abovecaptionskip=\skip47
\belowcaptionskip=\skip48
\bibindent=\dimen134
)
(/usr/local/texlive/2020/texmf-dist/tex/latex/geometry/geometry.sty
Package: geometry 2020/01/02 v5.9 Page Geometry

(/usr/local/texlive/2020/texmf-dist/tex/latex/graphics/keyval.sty
Package: keyval 2014/10/28 v1.15 key=value parser (DPC)
\KV@toks@=\toks15
)
(/usr/local/texlive/2020/texmf-dist/tex/generic/iftex/ifvtex.sty
Package: ifvtex 2019/10/25 v1.7 ifvtex legacy package. Use iftex instead.

(/usr/local/texlive/2020/texmf-dist/tex/generic/iftex/iftex.sty
Package: iftex 2020/03/06 v1.0d TeX engine tests
))
\Gm@cnth=\count175
\Gm@cntv=\count176
\c@Gm@tempcnt=\count177
\Gm@bindingoffset=\dimen135
\Gm@wd@mp=\dimen136
\Gm@odd@mp=\dimen137
\Gm@even@mp=\dimen138
\Gm@layoutwidth=\dimen139
\Gm@layoutheight=\dimen140
\Gm@layouthoffset=\dimen141
\Gm@layoutvoffset=\dimen142
\Gm@dimlist=\toks16
)
(/usr/local/texlive/2020/texmf-dist/tex/latex/amsmath/amsmath.sty
Package: amsmath 2020/01/20 v2.17e AMS math features
\@mathmargin=\skip49

For additional information on amsmath, use the `?' option.
(/usr/local/texlive/2020/texmf-dist/tex/latex/amsmath/amstext.sty
Package: amstext 2000/06/29 v2.01 AMS text

(/usr/local/texlive/2020/texmf-dist/tex/latex/amsmath/amsgen.sty
File: amsgen.sty 1999/11/30 v2.0 generic functions
\@emptytoks=\toks17
\ex@=\dimen143
))
(/usr/local/texlive/2020/texmf-dist/tex/latex/amsmath/amsbsy.sty
Package: amsbsy 1999/11/29 v1.2d Bold Symbols
\pmbraise@=\dimen144
)
(/usr/local/texlive/2020/texmf-dist/tex/latex/amsmath/amsopn.sty
Package: amsopn 2016/03/08 v2.02 operator names
)
\inf@bad=\count178
LaTeX Info: Redefining \frac on input line 227.
\uproot@=\count179
\leftroot@=\count180
LaTeX Info: Redefining \overline on input line 389.
\classnum@=\count181
\DOTSCASE@=\count182
LaTeX Info: Redefining \ldots on input line 486.
LaTeX Info: Redefining \dots on input line 489.
LaTeX Info: Redefining \cdots on input line 610.
\Mathstrutbox@=\box45
\strutbox@=\box46
\big@size=\dimen145
LaTeX Font Info:    Redeclaring font encoding OML on input line 733.
LaTeX Font Info:    Redeclaring font encoding OMS on input line 734.
\macc@depth=\count183
\c@MaxMatrixCols=\count184
\dotsspace@=\muskip16
\c@parentequation=\count185
\dspbrk@lvl=\count186
\tag@help=\toks18
\row@=\count187
\column@=\count188
\maxfields@=\count189
\andhelp@=\toks19
\eqnshift@=\dimen146
\alignsep@=\dimen147
\tagshift@=\dimen148
\tagwidth@=\dimen149
\totwidth@=\dimen150
\lineht@=\dimen151
\@envbody=\toks20
\multlinegap=\skip50
\multlinetaggap=\skip51
\mathdisplay@stack=\toks21
LaTeX Info: Redefining \[ on input line 2859.
LaTeX Info: Redefining \] on input line 2860.
)
(/usr/local/texlive/2020/texmf-dist/tex/latex/amsfonts/amssymb.sty
Package: amssymb 2013/01/14 v3.01 AMS font symbols

(/usr/local/texlive/2020/texmf-dist/tex/latex/amsfonts/amsfonts.sty
Package: amsfonts 2013/01/14 v3.01 Basic AMSFonts support
\symAMSa=\mathgroup4
\symAMSb=\mathgroup5
LaTeX Font Info:    Redeclaring math symbol \hbar on input line 98.
LaTeX Font Info:    Overwriting math alphabet `\mathfrak' in version `bold'
(Font)                  U/euf/m/n --> U/euf/b/n on input line 106.
))
(/usr/local/texlive/2020/texmf-dist/tex/latex/base/inputenc.sty
Package: inputenc 2018/08/11 v1.3c Input encoding file
\inpenc@prehook=\toks22
\inpenc@posthook=\toks23
)
(/usr/local/texlive/2020/texmf-dist/tex/generic/babel/babel.sty
Package: babel 2020/03/22 3.42 The Babel package

(/usr/local/texlive/2020/texmf-dist/tex/generic/babel/switch.def
File: switch.def 2020/03/22 3.42 Babel switching mechanism
)
(/usr/local/texlive/2020/texmf-dist/tex/generic/babel-english/english.ldf
Language: english 2017/06/06 v3.3r English support from the babel system

(/usr/local/texlive/2020/texmf-dist/tex/generic/babel/babel.def
File: babel.def 2020/03/22 3.42 Babel common definitions
\babel@savecnt=\count190
\U@D=\dimen152

(/usr/local/texlive/2020/texmf-dist/tex/generic/babel/txtbabel.def)
\bbl@readstream=\read2
\bbl@dirlevel=\count191
)
Package babel Info: \l@canadian = using hyphenrules for english
(babel)             (\language0) on input line 102.
Package babel Info: \l@australian = using hyphenrules for ukenglish
(babel)             (\language21) on input line 105.
Package babel Info: \l@newzealand = using hyphenrules for ukenglish
(babel)             (\language21) on input line 108.
))
(/usr/local/texlive/2020/texmf-dist/tex/latex/biblatex/biblatex.sty
Package: biblatex 2019/12/01 v3.14 programmable bibliographies (PK/MW)

(/usr/local/texlive/2020/texmf-dist/tex/latex/pdftexcmds/pdftexcmds.sty
Package: pdftexcmds 2019/11/24 v0.31 Utility functions of pdfTeX for LuaTeX (HO
)

(/usr/local/texlive/2020/texmf-dist/tex/generic/infwarerr/infwarerr.sty
Package: infwarerr 2019/12/03 v1.5 Providing info/warning/error messages (HO)
)
(/usr/local/texlive/2020/texmf-dist/tex/generic/ltxcmds/ltxcmds.sty
Package: ltxcmds 2019/12/15 v1.24 LaTeX kernel commands for general use (HO)
)
Package pdftexcmds Info: \pdf@primitive is available.
Package pdftexcmds Info: \pdf@ifprimitive is available.
Package pdftexcmds Info: \pdfdraftmode found.
)
(/usr/local/texlive/2020/texmf-dist/tex/latex/etoolbox/etoolbox.sty
Package: etoolbox 2019/09/21 v2.5h e-TeX tools for LaTeX (JAW)
\etb@tempcnta=\count192
)
(/usr/local/texlive/2020/texmf-dist/tex/latex/kvoptions/kvoptions.sty
Package: kvoptions 2019/11/29 v3.13 Key value format for package options (HO)

(/usr/local/texlive/2020/texmf-dist/tex/generic/kvsetkeys/kvsetkeys.sty
Package: kvsetkeys 2019/12/15 v1.18 Key value parser (HO)
))
(/usr/local/texlive/2020/texmf-dist/tex/latex/logreq/logreq.sty
Package: logreq 2010/08/04 v1.0 xml request logger
\lrq@indent=\count193

(/usr/local/texlive/2020/texmf-dist/tex/latex/logreq/logreq.def
File: logreq.def 2010/08/04 v1.0 logreq spec v1.0
))
(/usr/local/texlive/2020/texmf-dist/tex/latex/base/ifthen.sty
Package: ifthen 2014/09/29 v1.1c Standard LaTeX ifthen package (DPC)
)
(/usr/local/texlive/2020/texmf-dist/tex/latex/url/url.sty
\Urlmuskip=\muskip17
Package: url 2013/09/16  ver 3.4  Verb mode for urls, etc.
)
\c@tabx@nest=\count194
\c@listtotal=\count195
\c@listcount=\count196
\c@liststart=\count197
\c@liststop=\count198
\c@citecount=\count199
\c@citetotal=\count266
\c@multicitecount=\count267
\c@multicitetotal=\count268
\c@instcount=\count269
\c@maxnames=\count270
\c@minnames=\count271
\c@maxitems=\count272
\c@minitems=\count273
\c@citecounter=\count274
\c@maxcitecounter=\count275
\c@savedcitecounter=\count276
\c@uniquelist=\count277
\c@uniquename=\count278
\c@refsection=\count279
\c@refsegment=\count280
\c@maxextratitle=\count281
\c@maxextratitleyear=\count282
\c@maxextraname=\count283
\c@maxextradate=\count284
\c@maxextraalpha=\count285
\c@abbrvpenalty=\count286
\c@highnamepenalty=\count287
\c@lownamepenalty=\count288
\c@maxparens=\count289
\c@parenlevel=\count290
\blx@tempcnta=\count291
\blx@tempcntb=\count292
\blx@tempcntc=\count293
\blx@maxsection=\count294
\blx@maxsegment@0=\count295
\blx@notetype=\count296
\blx@parenlevel@text=\count297
\blx@parenlevel@foot=\count298
\blx@sectionciteorder@0=\count299
\blx@entrysetcounter=\count300
\labelnumberwidth=\skip52
\labelalphawidth=\skip53
\biblabelsep=\skip54
\bibitemsep=\skip55
\bibnamesep=\skip56
\bibinitsep=\skip57
\bibparsep=\skip58
\bibhang=\skip59
\blx@bcfin=\read3
\blx@bcfout=\write3
\blx@langwohyphens=\language86
\c@mincomprange=\count301
\c@maxcomprange=\count302
\c@mincompwidth=\count303
Package biblatex Info: Trying to load biblatex default data model...
Package biblatex Info: ... file 'blx-dm.def' found.

(/usr/local/texlive/2020/texmf-dist/tex/latex/biblatex/blx-dm.def
File: blx-dm.def 2019/12/01 v3.14 biblatex localization (PK/MW)
)
Package biblatex Info: Trying to load biblatex custom data model...
Package biblatex Info: ... file 'biblatex-dm.cfg' not found.
\c@afterword=\count304
\c@savedafterword=\count305
\c@annotator=\count306
\c@savedannotator=\count307
\c@author=\count308
\c@savedauthor=\count309
\c@bookauthor=\count310
\c@savedbookauthor=\count311
\c@commentator=\count312
\c@savedcommentator=\count313
\c@editor=\count314
\c@savededitor=\count315
\c@editora=\count316
\c@savededitora=\count317
\c@editorb=\count318
\c@savededitorb=\count319
\c@editorc=\count320
\c@savededitorc=\count321
\c@foreword=\count322
\c@savedforeword=\count323
\c@holder=\count324
\c@savedholder=\count325
\c@introduction=\count326
\c@savedintroduction=\count327
\c@namea=\count328
\c@savednamea=\count329
\c@nameb=\count330
\c@savednameb=\count331
\c@namec=\count332
\c@savednamec=\count333
\c@translator=\count334
\c@savedtranslator=\count335
\c@shortauthor=\count336
\c@savedshortauthor=\count337
\c@shorteditor=\count338
\c@savedshorteditor=\count339
\c@labelname=\count340
\c@savedlabelname=\count341
\c@institution=\count342
\c@savedinstitution=\count343
\c@lista=\count344
\c@savedlista=\count345
\c@listb=\count346
\c@savedlistb=\count347
\c@listc=\count348
\c@savedlistc=\count349
\c@listd=\count350
\c@savedlistd=\count351
\c@liste=\count352
\c@savedliste=\count353
\c@listf=\count354
\c@savedlistf=\count355
\c@location=\count356
\c@savedlocation=\count357
\c@organization=\count358
\c@savedorganization=\count359
\c@origlocation=\count360
\c@savedoriglocation=\count361
\c@origpublisher=\count362
\c@savedorigpublisher=\count363
\c@publisher=\count364
\c@savedpublisher=\count365
\c@language=\count366
\c@savedlanguage=\count367
\c@origlanguage=\count368
\c@savedoriglanguage=\count369
\c@pageref=\count370
\c@savedpageref=\count371
\shorthandwidth=\skip60
\shortjournalwidth=\skip61
\shortserieswidth=\skip62
\shorttitlewidth=\skip63
\shortauthorwidth=\skip64
\shorteditorwidth=\skip65
\locallabelnumberwidth=\skip66
\locallabelalphawidth=\skip67
\localshorthandwidth=\skip68
\localshortjournalwidth=\skip69
\localshortserieswidth=\skip70
\localshorttitlewidth=\skip71
\localshortauthorwidth=\skip72
\localshorteditorwidth=\skip73
Package biblatex Info: Trying to load compatibility code...
Package biblatex Info: ... file 'blx-compat.def' found.

(/usr/local/texlive/2020/texmf-dist/tex/latex/biblatex/blx-compat.def
File: blx-compat.def 2019/12/01 v3.14 biblatex compatibility (PK/MW)
)
Package biblatex Info: Trying to load generic definitions...
Package biblatex Info: ... file 'biblatex.def' found.

(/usr/local/texlive/2020/texmf-dist/tex/latex/biblatex/biblatex.def
File: biblatex.def 2019/12/01 v3.14 biblatex compatibility (PK/MW)
\c@textcitecount=\count372
\c@textcitetotal=\count373
\c@textcitemaxnames=\count374
\c@biburlbigbreakpenalty=\count375
\c@biburlbreakpenalty=\count376
\c@biburlnumpenalty=\count377
\c@biburlucpenalty=\count378
\c@biburllcpenalty=\count379
\biburlbigskip=\muskip18
\biburlnumskip=\muskip19
\biburlucskip=\muskip20
\biburllcskip=\muskip21
\c@smartand=\count380
)
Package biblatex Info: Trying to load bibliography style 'numeric'...
Package biblatex Info: ... file 'numeric.bbx' found.

(/usr/local/texlive/2020/texmf-dist/tex/latex/biblatex/bbx/numeric.bbx
File: numeric.bbx 2019/12/01 v3.14 biblatex bibliography style (PK/MW)
Package biblatex Info: Trying to load bibliography style 'standard'...
Package biblatex Info: ... file 'standard.bbx' found.

(/usr/local/texlive/2020/texmf-dist/tex/latex/biblatex/bbx/standard.bbx
File: standard.bbx 2019/12/01 v3.14 biblatex bibliography style (PK/MW)
\c@bbx:relatedcount=\count381
\c@bbx:relatedtotal=\count382
))
Package biblatex Info: Trying to load citation style 'numeric'...
Package biblatex Info: ... file 'numeric.cbx' found.

(/usr/local/texlive/2020/texmf-dist/tex/latex/biblatex/cbx/numeric.cbx
File: numeric.cbx 2019/12/01 v3.14 biblatex citation style (PK/MW)
Package biblatex Info: Redefining '\cite'.
Package biblatex Info: Redefining '\parencite'.
Package biblatex Info: Redefining '\footcite'.
Package biblatex Info: Redefining '\footcitetext'.
Package biblatex Info: Redefining '\smartcite'.
Package biblatex Info: Redefining '\supercite'.
Package biblatex Info: Redefining '\textcite'.
Package biblatex Info: Redefining '\textcites'.
Package biblatex Info: Redefining '\cites'.
Package biblatex Info: Redefining '\parencites'.
Package biblatex Info: Redefining '\smartcites'.
)
Package biblatex Info: Trying to load configuration file...
Package biblatex Info: ... file 'biblatex.cfg' found.

(/usr/local/texlive/2020/texmf-dist/tex/latex/biblatex/biblatex.cfg
File: biblatex.cfg 
))
(/usr/local/texlive/2020/texmf-dist/tex/latex/graphics/graphicx.sty
Package: graphicx 2019/11/30 v1.2a Enhanced LaTeX Graphics (DPC,SPQR)

(/usr/local/texlive/2020/texmf-dist/tex/latex/graphics/graphics.sty
Package: graphics 2019/11/30 v1.4a Standard LaTeX Graphics (DPC,SPQR)

(/usr/local/texlive/2020/texmf-dist/tex/latex/graphics/trig.sty
Package: trig 2016/01/03 v1.10 sin cos tan (DPC)
)
(/usr/local/texlive/2020/texmf-dist/tex/latex/graphics-cfg/graphics.cfg
File: graphics.cfg 2016/06/04 v1.11 sample graphics configuration
)
Package graphics Info: Driver file: pdftex.def on input line 105.

(/usr/local/texlive/2020/texmf-dist/tex/latex/graphics-def/pdftex.def
File: pdftex.def 2018/01/08 v1.0l Graphics/color driver for pdftex
))
\Gin@req@height=\dimen153
\Gin@req@width=\dimen154
)
(/usr/local/texlive/2020/texmf-dist/tex/latex/tools/indentfirst.sty
Package: indentfirst 1995/11/23 v1.03 Indent first paragraph (DPC)
)
(/usr/local/texlive/2020/texmf-dist/tex/latex/physics/physics.sty
Package: physics 

(/usr/local/texlive/2020/texmf-dist/tex/latex/l3packages/xparse/xparse.sty
(/usr/local/texlive/2020/texmf-dist/tex/latex/l3kernel/expl3.sty
Package: expl3 2020-03-06 L3 programming layer (loader) 

(/usr/local/texlive/2020/texmf-dist/tex/latex/l3backend/l3backend-pdfmode.def
File: l3backend-pdfmode.def 2020-03-12 L3 backend support: PDF mode
\l__kernel_color_stack_int=\count383
\l__pdf_internal_box=\box47
))
Package: xparse 2020-03-06 L3 Experimental document command parser
\l__xparse_current_arg_int=\count384
\g__xparse_grabber_int=\count385
\l__xparse_m_args_int=\count386
\l__xparse_v_nesting_int=\count387
)) (/usr/local/texlive/2020/texmf-dist/tex/latex/refcheck/refcheck.sty
Package: refcheck 2013/02/14 v1.9.1
\btoks=\toks24
)
(/usr/local/texlive/2020/texmf-dist/tex/latex/units/units.sty
Package: units 1998/08/04 v0.9b Typesetting units

(/usr/local/texlive/2020/texmf-dist/tex/latex/units/nicefrac.sty
Package: nicefrac 1998/08/04 v0.9b Nice fractions
\L@UnitsRaiseDisplaystyle=\skip74
\L@UnitsRaiseTextstyle=\skip75
\L@UnitsRaiseScriptstyle=\skip76
))
(/usr/local/texlive/2020/texmf-dist/tex/latex/wrapfig/wrapfig.sty
\wrapoverhang=\dimen155
\WF@size=\dimen156
\c@WF@wrappedlines=\count388
\WF@box=\box48
\WF@everypar=\toks25
Package: wrapfig 2003/01/31  v 3.6
)
(/usr/local/texlive/2020/texmf-dist/tex/latex/caption/subcaption.sty
Package: subcaption 2020/01/22 v1.3d Sub-captions (AR)

(/usr/local/texlive/2020/texmf-dist/tex/latex/caption/caption.sty
Package: caption 2020/01/03 v3.4h Customizing captions (AR)

(/usr/local/texlive/2020/texmf-dist/tex/latex/caption/caption3.sty
Package: caption3 2020/01/03 v1.8h caption3 kernel (AR)
Package caption3 Info: TeX engine: e-TeX on input line 61.
\captionmargin=\dimen157
\captionmargin@=\dimen158
\captionwidth=\dimen159
\caption@tempdima=\dimen160
\caption@indent=\dimen161
\caption@parindent=\dimen162
\caption@hangindent=\dimen163
Package caption Info: Standard document class detected.
)
\c@caption@flags=\count389
\c@continuedfloat=\count390
Package caption Info: wrapfig package is loaded.
)
\c@subfigure=\count391
\c@subtable=\count392
)
(/usr/local/texlive/2020/texmf-dist/tex/latex/booktabs/booktabs.sty
Package: booktabs 2020/01/12 v1.61803398 Publication quality tables
\heavyrulewidth=\dimen164
\lightrulewidth=\dimen165
\cmidrulewidth=\dimen166
\belowrulesep=\dimen167
\belowbottomsep=\dimen168
\aboverulesep=\dimen169
\abovetopsep=\dimen170
\cmidrulesep=\dimen171
\cmidrulekern=\dimen172
\defaultaddspace=\dimen173
\@cmidla=\count393
\@cmidlb=\count394
\@aboverulesep=\dimen174
\@belowrulesep=\dimen175
\@thisruleclass=\count395
\@lastruleclass=\count396
\@thisrulewidth=\dimen176
)
(/usr/local/texlive/2020/texmf-dist/tex/latex/multirow/multirow.sty
Package: multirow 2019/05/31 v2.5 Span multiple rows of a table
\multirow@colwidth=\skip77
\multirow@cntb=\count397
\multirow@dima=\skip78
\bigstrutjot=\dimen177
)

Package biblatex Warning: 'babel/polyglossia' detected but 'csquotes' missing.
(biblatex)                Loading 'csquotes' recommended.

\@quotelevel=\count398
\@quotereset=\count399
No file main_file.aux.
\openout1 = `main_file.aux'.

LaTeX Font Info:    Checking defaults for OML/cmm/m/it on input line 31.
LaTeX Font Info:    ... okay on input line 31.
LaTeX Font Info:    Checking defaults for OMS/cmsy/m/n on input line 31.
LaTeX Font Info:    ... okay on input line 31.
LaTeX Font Info:    Checking defaults for OT1/cmr/m/n on input line 31.
LaTeX Font Info:    ... okay on input line 31.
LaTeX Font Info:    Checking defaults for T1/cmr/m/n on input line 31.
LaTeX Font Info:    ... okay on input line 31.
LaTeX Font Info:    Checking defaults for TS1/cmr/m/n on input line 31.
LaTeX Font Info:    ... okay on input line 31.
LaTeX Font Info:    Checking defaults for OMX/cmex/m/n on input line 31.
LaTeX Font Info:    ... okay on input line 31.
LaTeX Font Info:    Checking defaults for U/cmr/m/n on input line 31.
LaTeX Font Info:    ... okay on input line 31.
*geometry* driver: auto-detecting
*geometry* detected driver: pdftex
*geometry* verbose mode - [ preamble ] result:
* driver: pdftex
* paper: legalpaper
* layout: <same size as paper>
* layoutoffset:(h,v)=(0.0pt,0.0pt)
* modes: 
* h-part:(L,W,R)=(82.14749pt, 450.0pt, 82.1475pt)
* v-part:(T,H,B)=(121.41483pt, 708.2429pt, 182.12227pt)
* \paperwidth=614.295pt
* \paperheight=1011.78pt
* \textwidth=450.0pt
* \textheight=708.2429pt
* \oddsidemargin=9.8775pt
* \evensidemargin=9.8775pt
* \topmargin=12.14484pt
* \headheight=12.0pt
* \headsep=25.0pt
* \topskip=10.0pt
* \footskip=30.0pt
* \marginparwidth=65.0pt
* \marginparsep=11.0pt
* \columnsep=10.0pt
* \skip\footins=9.0pt plus 4.0pt minus 2.0pt
* \hoffset=0.0pt
* \voffset=0.0pt
* \mag=1000
* \@twocolumnfalse
* \@twosidefalse
* \@mparswitchfalse
* \@reversemarginfalse
* (1in=72.27pt=25.4mm, 1cm=28.453pt)

Package biblatex Info: Trying to load language 'english'...
Package biblatex Info: ... file 'english.lbx' found.
(/usr/local/texlive/2020/texmf-dist/tex/latex/biblatex/lbx/english.lbx
File: english.lbx 2019/12/01 v3.14 biblatex localization (PK/MW)
)
Package biblatex Info: Input encoding 'utf8' detected.
Package biblatex Info: Automatic encoding selection.
(biblatex)             Assuming data encoding 'utf8'.
\openout3 = `main_file.bcf'.

Package biblatex Info: Trying to load bibliographic data...
Package biblatex Info: ... file 'main_file.bbl' found.

(./main_file.bbl)
Package biblatex Info: Reference section=0 on input line 31.
Package biblatex Info: Reference segment=0 on input line 31.

(/usr/local/texlive/2020/texmf-dist/tex/context/base/mkii/supp-pdf.mkii
[Loading MPS to PDF converter (version 2006.09.02).]
\scratchcounter=\count400
\scratchdimen=\dimen178
\scratchbox=\box49
\nofMPsegments=\count401
\nofMParguments=\count402
\everyMPshowfont=\toks26
\MPscratchCnt=\count403
\MPscratchDim=\dimen179
\MPnumerator=\count404
\makeMPintoPDFobject=\count405
\everyMPtoPDFconversion=\toks27
) (/usr/local/texlive/2020/texmf-dist/tex/latex/epstopdf-pkg/epstopdf-base.sty
Package: epstopdf-base 2020-01-24 v2.11 Base part for package epstopdf
Package epstopdf-base Info: Redefining graphics rule for `.eps' on input line 4
85.

(/usr/local/texlive/2020/texmf-dist/tex/latex/latexconfig/epstopdf-sys.cfg
File: epstopdf-sys.cfg 2010/07/13 v1.3 Configuration of (r)epstopdf for TeX Liv
e
))
Package: `refcheck' v1.9.1 <2013/02/14>
options: showrefs, showcites, msgs, chckunlbld
Package caption Info: Begin \AtBeginDocument code.
Package caption Info: End \AtBeginDocument code.
LaTeX Font Info:    Trying to load font information for U+msa on input line 33.

(/usr/local/texlive/2020/texmf-dist/tex/latex/amsfonts/umsa.fd
File: umsa.fd 2013/01/14 v3.01 AMS symbols A
)
LaTeX Font Info:    Trying to load font information for U+msb on input line 33.


(/usr/local/texlive/2020/texmf-dist/tex/latex/amsfonts/umsb.fd
File: umsb.fd 2013/01/14 v3.01 AMS symbols B
)
LaTeX Font Info:    Trying to load font information for OMS+cmtt on input line 
33.

(/Library/Frameworks/R.framework/Resources/share/texmf/tex/latex/omscmtt.fd
File: omscmtt.fd 
)
LaTeX Font Info:    Font shape `OMS/cmtt/m/n' in size <8> not available
(Font)              Font shape `OMS/cmsy/m/n' tried instead on input line 33.

Underfull \hbox (badness 10000) in paragraph at lines 33--33
[][]\OT1/cmr/m/n/8 Department of Man-age-ment Sci-ence, Lan-caster Uni-ver-sity
, Lan-caster LA1 4YX, UK. Email:
 []


LaTeX Warning: Citation 'Po02' on page 1 undefined on input line 45.


LaTeX Warning: Citation 'SPP98' on page 1 undefined on input line 45.


LaTeX Warning: Citation 'Zi00' on page 1 undefined on input line 45.


LaTeX Warning: Citation 'AHM51' on page 1 undefined on input line 47.


LaTeX Warning: Citation 'MK51' on page 1 undefined on input line 47.


LaTeX Warning: Citation 'Sc58' on page 1 undefined on input line 47.


LaTeX Warning: Citation 'BT06' on page 1 undefined on input line 51.


LaTeX Warning: Citation 'BM12' on page 1 undefined on input line 51.


LaTeX Warning: Citation 'Ka94' on page 1 undefined on input line 51.


LaTeX Warning: Citation 'KT96' on page 1 undefined on input line 51.


LaTeX Warning: Citation 'KTB20' on page 1 undefined on input line 51.


LaTeX Warning: Citation 'Br16' on page 1 undefined on input line 57.


LaTeX Warning: Citation 'Hu19' on page 1 undefined on input line 57.

[1

{/usr/local/texlive/2020/texmf-var/fonts/map/pdftex/updmap/pdftex.map}]

LaTeX Warning: Reference `se:lit' on page 2 undefined on input line 63.


LaTeX Warning: Reference `se:new' on page 2 undefined on input line 63.


LaTeX Warning: Reference `se:results' on page 2 undefined on input line 63.


LaTeX Warning: Reference `se:end' on page 2 undefined on input line 63.


Package refcheck Warning: Unused label `se:lit' on input line 66.


LaTeX Warning: Citation 'Ch12' on page 2 undefined on input line 68.


LaTeX Warning: Citation 'Po02' on page 2 undefined on input line 68.


LaTeX Warning: Citation 'SPP98' on page 2 undefined on input line 68.


LaTeX Warning: Citation 'Zi00' on page 2 undefined on input line 68.


LaTeX Warning: Citation 'Ch12' on page 2 undefined on input line 72.


LaTeX Warning: Citation 'AHM51' on page 2 undefined on input line 95.


LaTeX Warning: Citation 'MK51' on page 2 undefined on input line 95.


LaTeX Warning: Citation 'HW63' on page 2 undefined on input line 95.


LaTeX Warning: Citation 'LL96' on page 2 undefined on input line 95.


LaTeX Warning: Citation 'MS00' on page 2 undefined on input line 95.


LaTeX Warning: Citation 'Kh95' on page 2 undefined on input line 95.


LaTeX Warning: Citation 'EGS95' on page 2 undefined on input line 95.


LaTeX Warning: Citation 'BAA99' on page 2 undefined on input line 95.


LaTeX Warning: Citation 'HOS12' on page 2 undefined on input line 95.


LaTeX Warning: Citation 'KWH15' on page 2 undefined on input line 95.


LaTeX Warning: Citation 'KC62' on page 2 undefined on input line 95.


LaTeX Warning: Citation 'Mi59' on page 2 undefined on input line 95.


LaTeX Warning: Citation 'PD99' on page 2 undefined on input line 95.


LaTeX Warning: Citation 'BT06' on page 2 undefined on input line 97.


LaTeX Warning: Citation 'HOS12' on page 2 undefined on input line 97.


LaTeX Warning: Citation 'HN16' on page 2 undefined on input line 97.


LaTeX Warning: Citation 'KC62' on page 2 undefined on input line 97.


LaTeX Warning: Citation 'Kh95' on page 2 undefined on input line 97.


LaTeX Warning: Citation 'KK18' on page 2 undefined on input line 97.


LaTeX Warning: Citation 'Mi59' on page 2 undefined on input line 97.


LaTeX Warning: Citation 'PSC15' on page 2 undefined on input line 97.


LaTeX Warning: Citation 'PD99' on page 2 undefined on input line 97.


LaTeX Warning: Citation 'KK18' on page 2 undefined on input line 109.


LaTeX Warning: Citation 'PD99' on page 2 undefined on input line 109.


LaTeX Warning: Citation 'RK02' on page 2 undefined on input line 109.

[2]

LaTeX Warning: Citation 'BT06' on page 3 undefined on input line 123.


LaTeX Warning: Citation 'Br16' on page 3 undefined on input line 123.


LaTeX Warning: Citation 'CS19' on page 3 undefined on input line 123.


LaTeX Warning: Citation 'HNS15' on page 3 undefined on input line 123.


LaTeX Warning: Citation 'Hu19' on page 3 undefined on input line 123.


LaTeX Warning: Citation 'Hu19' on page 3 undefined on input line 130.


LaTeX Warning: Citation 'RV19' on page 3 undefined on input line 130.


LaTeX Warning: Citation 'Hu19' on page 3 undefined on input line 130.


LaTeX Warning: Citation 'RV19' on page 3 undefined on input line 130.


LaTeX Warning: Citation 'CS19' on page 3 undefined on input line 134.


LaTeX Warning: Citation 'OST20' on page 3 undefined on input line 134.


LaTeX Warning: Citation 'RV19' on page 3 undefined on input line 134.


LaTeX Warning: Citation 'Guo11' on page 3 undefined on input line 134.


LaTeX Warning: Citation 'GM14' on page 3 undefined on input line 134.


LaTeX Warning: Citation 'Ma19' on page 3 undefined on input line 134.


LaTeX Warning: Citation 'Guo11' on page 3 undefined on input line 134.


LaTeX Warning: Citation 'Ma19' on page 3 undefined on input line 134.


Package refcheck Warning: Unused label `se:new' on input line 137.

[3]

LaTeX Warning: Citation 'HKO08' on page 4 undefined on input line 184.


LaTeX Warning: Reference `app:A' on page 4 undefined on input line 189.


LaTeX Warning: Citation 'Koe05' on page 4 undefined on input line 201.


LaTeX Warning: Citation 'KM99' on page 4 undefined on input line 201.


LaTeX Warning: Citation 'KHM05' on page 4 undefined on input line 201.


LaTeX Warning: Reference `app:B' on page 4 undefined on input line 204.

[4]

Package refcheck Warning: Unused label `se:results' on input line 269.

<./images/ppl0.5-1.pdf, id=43, 464.73625pt x 251.94125pt>
File: ./images/ppl0.5-1.pdf Graphic file (type pdf)
<use ./images/ppl0.5-1.pdf>
Package pdftex.def Info: ./images/ppl0.5-1.pdf  used on input line 291.
(pdftex.def)             Requested size: 314.99863pt x 170.77188pt.

Package refcheck Warning: Unused label `fig:ppl0.5' on input line 293.

[5]

LaTeX Warning: Reference `fig:ppl0.5' on page 6 undefined on input line 296.


LaTeX Warning: Reference `se:new' on page 6 undefined on input line 296.


LaTeX Warning: Reference `fig:sl0.5' on page 6 undefined on input line 296.

<./images/sl-1.pdf, id=47, 433.62pt x 251.94125pt>
File: ./images/sl-1.pdf Graphic file (type pdf)
<use ./images/sl-1.pdf>
Package pdftex.def Info: ./images/sl-1.pdf  used on input line 299.
(pdftex.def)             Requested size: 314.99863pt x 183.02754pt.

Package refcheck Warning: Unused label `fig:sl0.5' on input line 301.

[6 <./images/ppl0.5-1.pdf> <./images/sl-1.pdf>]

LaTeX Warning: Citation 'KK18' on page 7 undefined on input line 335.


Package refcheck Warning: Unused label `se:end' on input line 339.


LaTeX Warning: Empty bibliography on input line 344.

[7]

Package refcheck Warning: Unused label `app:A' on input line 358.


Package refcheck Warning: Unused label `app:B' on input line 388.

[8] (./main_file.aux)

LaTeX Warning: There were undefined references.


LaTeX Warning: Label(s) may have changed. Rerun to get cross-references right.


Package biblatex Warning: Please (re)run Biber on the file:
(biblatex)                main_file
(biblatex)                and rerun LaTeX afterwards.

Package logreq Info: Writing requests to 'main_file.run.xml'.
\openout1 = `main_file.run.xml'.

 ) 
Here is how much of TeX's memory you used:
 13287 strings out of 480608
 230380 string characters out of 5903631
 884519 words of memory out of 5000000
 29006 multiletter control sequences out of 15000+600000
 546909 words of font info for 77 fonts, out of 8000000 for 9000
 1141 hyphenation exceptions out of 8191
 48i,14n,46p,1114b,1618s stack positions out of 5000i,500n,10000p,200000b,80000s
{/usr/local/texlive/2020/texmf-dist/fonts/enc/dvips/cm-super/cm-super-ts1.enc
}</usr/local/texlive/2020/texmf-dist/fonts/type1/public/amsfonts/cm/cmbx10.pfb>
</usr/local/texlive/2020/texmf-dist/fonts/type1/public/amsfonts/cm/cmbx12.pfb><
/usr/local/texlive/2020/texmf-dist/fonts/type1/public/amsfonts/cm/cmbx8.pfb></u
sr/local/texlive/2020/texmf-dist/fonts/type1/public/amsfonts/cm/cmbx9.pfb></usr
/local/texlive/2020/texmf-dist/fonts/type1/public/amsfonts/cm/cmex10.pfb></usr/
local/texlive/2020/texmf-dist/fonts/type1/public/amsfonts/cmextra/cmex8.pfb></u
sr/local/texlive/2020/texmf-dist/fonts/type1/public/amsfonts/cm/cmmi10.pfb></us
r/local/texlive/2020/texmf-dist/fonts/type1/public/amsfonts/cm/cmmi5.pfb></usr/
local/texlive/2020/texmf-dist/fonts/type1/public/amsfonts/cm/cmmi7.pfb></usr/lo
cal/texlive/2020/texmf-dist/fonts/type1/public/amsfonts/cm/cmmi8.pfb></usr/loca
l/texlive/2020/texmf-dist/fonts/type1/public/amsfonts/cm/cmmib10.pfb></usr/loca
l/texlive/2020/texmf-dist/fonts/type1/public/amsfonts/cmextra/cmmib7.pfb></usr/
local/texlive/2020/texmf-dist/fonts/type1/public/amsfonts/cm/cmr10.pfb></usr/lo
cal/texlive/2020/texmf-dist/fonts/type1/public/amsfonts/cm/cmr12.pfb></usr/loca
l/texlive/2020/texmf-dist/fonts/type1/public/amsfonts/cm/cmr17.pfb></usr/local/
texlive/2020/texmf-dist/fonts/type1/public/amsfonts/cm/cmr5.pfb></usr/local/tex
live/2020/texmf-dist/fonts/type1/public/amsfonts/cm/cmr6.pfb></usr/local/texliv
e/2020/texmf-dist/fonts/type1/public/amsfonts/cm/cmr7.pfb></usr/local/texlive/2
020/texmf-dist/fonts/type1/public/amsfonts/cm/cmr8.pfb></usr/local/texlive/2020
/texmf-dist/fonts/type1/public/amsfonts/cm/cmr9.pfb></usr/local/texlive/2020/te
xmf-dist/fonts/type1/public/amsfonts/cm/cmss8.pfb></usr/local/texlive/2020/texm
f-dist/fonts/type1/public/amsfonts/cm/cmsy10.pfb></usr/local/texlive/2020/texmf
-dist/fonts/type1/public/amsfonts/cm/cmsy7.pfb></usr/local/texlive/2020/texmf-d
ist/fonts/type1/public/amsfonts/cm/cmsy8.pfb></usr/local/texlive/2020/texmf-dis
t/fonts/type1/public/amsfonts/cm/cmti10.pfb></usr/local/texlive/2020/texmf-dist
/fonts/type1/public/amsfonts/cm/cmtt8.pfb></usr/local/texlive/2020/texmf-dist/f
onts/type1/public/amsfonts/symbols/msbm10.pfb></usr/local/texlive/2020/texmf-di
st/fonts/type1/public/amsfonts/symbols/msbm7.pfb></usr/local/texlive/2020/texmf
-dist/fonts/type1/public/cm-super/sfrm0600.pfb></usr/local/texlive/2020/texmf-d
ist/fonts/type1/public/cm-super/sfrm0800.pfb></usr/local/texlive/2020/texmf-dis
t/fonts/type1/public/cm-super/sfrm1000.pfb>
Output written on main_file.pdf (8 pages, 336408 bytes).
PDF statistics:
 173 PDF objects out of 1000 (max. 8388607)
 124 compressed objects within 2 object streams
 0 named destinations out of 1000 (max. 500000)
 11 words of extra memory for PDF output out of 10000 (max. 10000000)

